{"total": {"lines":{"total":1887,"covered":1294,"skipped":0,"pct":68.57},"statements":{"total":2196,"covered":1464,"skipped":0,"pct":66.66},"functions":{"total":599,"covered":392,"skipped":0,"pct":65.44},"branches":{"total":1485,"covered":875,"skipped":0,"pct":58.92},"branchesTrue":{"total":0,"covered":0,"skipped":0,"pct":100}}
,"/home/runner/work/syt5-gek1051-mobile-application-listme/syt5-gek1051-mobile-application-listme/listme-frontend/src/App.vue": {"lines":{"total":20,"covered":17,"skipped":0,"pct":85},"functions":{"total":9,"covered":5,"skipped":0,"pct":55.55},"statements":{"total":25,"covered":19,"skipped":0,"pct":76},"branches":{"total":17,"covered":12,"skipped":0,"pct":70.58}}
,"/home/runner/work/syt5-gek1051-mobile-application-listme/syt5-gek1051-mobile-application-listme/listme-frontend/src/sw.ts": {"lines":{"total":20,"covered":0,"skipped":0,"pct":0},"functions":{"total":4,"covered":0,"skipped":0,"pct":0},"statements":{"total":20,"covered":0,"skipped":0,"pct":0},"branches":{"total":14,"covered":0,"skipped":0,"pct":0}}
,"/home/runner/work/syt5-gek1051-mobile-application-listme/syt5-gek1051-mobile-application-listme/listme-frontend/src/components/common/AddListModal.vue": {"lines":{"total":44,"covered":41,"skipped":0,"pct":93.18},"functions":{"total":16,"covered":13,"skipped":0,"pct":81.25},"statements":{"total":48,"covered":43,"skipped":0,"pct":89.58},"branches":{"total":40,"covered":38,"skipped":0,"pct":95}}
,"/home/runner/work/syt5-gek1051-mobile-application-listme/syt5-gek1051-mobile-application-listme/listme-frontend/src/components/common/AppHeader.vue": {"lines":{"total":11,"covered":9,"skipped":0,"pct":81.81},"functions":{"total":3,"covered":2,"skipped":0,"pct":66.66},"statements":{"total":11,"covered":9,"skipped":0,"pct":81.81},"branches":{"total":10,"covered":7,"skipped":0,"pct":70}}
,"/home/runner/work/syt5-gek1051-mobile-application-listme/syt5-gek1051-mobile-application-listme/listme-frontend/src/components/common/BottomNav.vue": {"lines":{"total":16,"covered":14,"skipped":0,"pct":87.5},"functions":{"total":4,"covered":4,"skipped":0,"pct":100},"statements":{"total":22,"covered":19,"skipped":0,"pct":86.36},"branches":{"total":27,"covered":23,"skipped":0,"pct":85.18}}
,"/home/runner/work/syt5-gek1051-mobile-application-listme/syt5-gek1051-mobile-application-listme/listme-frontend/src/components/common/ConflictToast.vue": {"lines":{"total":11,"covered":11,"skipped":0,"pct":100},"functions":{"total":4,"covered":4,"skipped":0,"pct":100},"statements":{"total":11,"covered":11,"skipped":0,"pct":100},"branches":{"total":4,"covered":4,"skipped":0,"pct":100}}
,"/home/runner/work/syt5-gek1051-mobile-application-listme/syt5-gek1051-mobile-application-listme/listme-frontend/src/components/common/ConnectionBanner.vue": {"lines":{"total":24,"covered":22,"skipped":0,"pct":91.66},"functions":{"total":8,"covered":7,"skipped":0,"pct":87.5},"statements":{"total":32,"covered":28,"skipped":0,"pct":87.5},"branches":{"total":21,"covered":16,"skipped":0,"pct":76.19}}
,"/home/runner/work/syt5-gek1051-mobile-application-listme/syt5-gek1051-mobile-application-listme/listme-frontend/src/components/common/FloatingActionButton.vue": {"lines":{"total":2,"covered":2,"skipped":0,"pct":100},"functions":{"total":1,"covered":1,"skipped":0,"pct":100},"statements":{"total":2,"covered":2,"skipped":0,"pct":100},"branches":{"total":6,"covered":6,"skipped":0,"pct":100}}
,"/home/runner/work/syt5-gek1051-mobile-application-listme/syt5-gek1051-mobile-application-listme/listme-frontend/src/components/item/AddItemSheet.vue": {"lines":{"total":125,"covered":13,"skipped":0,"pct":10.4},"functions":{"total":42,"covered":0,"skipped":0,"pct":0},"statements":{"total":149,"covered":13,"skipped":0,"pct":8.72},"branches":{"total":133,"covered":0,"skipped":0,"pct":0}}
,"/home/runner/work/syt5-gek1051-mobile-application-listme/syt5-gek1051-mobile-application-listme/listme-frontend/src/components/item/BarcodeScannerModal.vue": {"lines":{"total":89,"covered":9,"skipped":0,"pct":10.11},"functions":{"total":13,"covered":0,"skipped":0,"pct":0},"statements":{"total":99,"covered":9,"skipped":0,"pct":9.09},"branches":{"total":76,"covered":0,"skipped":0,"pct":0}}
,"/home/runner/work/syt5-gek1051-mobile-application-listme/syt5-gek1051-mobile-application-listme/listme-frontend/src/components/item/CategoryPicker.vue": {"lines":{"total":18,"covered":1,"skipped":0,"pct":5.55},"functions":{"total":9,"covered":0,"skipped":0,"pct":0},"statements":{"total":22,"covered":1,"skipped":0,"pct":4.54},"branches":{"total":28,"covered":0,"skipped":0,"pct":0}}
,"/home/runner/work/syt5-gek1051-mobile-application-listme/syt5-gek1051-mobile-application-listme/listme-frontend/src/components/item/ImagePicker.vue": {"lines":{"total":19,"covered":2,"skipped":0,"pct":10.52},"functions":{"total":3,"covered":0,"skipped":0,"pct":0},"statements":{"total":22,"covered":2,"skipped":0,"pct":9.09},"branches":{"total":22,"covered":0,"skipped":0,"pct":0}}
,"/home/runner/work/syt5-gek1051-mobile-application-listme/syt5-gek1051-mobile-application-listme/listme-frontend/src/components/item/ItemRow.vue": {"lines":{"total":9,"covered":8,"skipped":0,"pct":88.88},"functions":{"total":4,"covered":3,"skipped":0,"pct":75},"statements":{"total":9,"covered":8,"skipped":0,"pct":88.88},"branches":{"total":40,"covered":38,"skipped":0,"pct":95}}
,"/home/runner/work/syt5-gek1051-mobile-application-listme/syt5-gek1051-mobile-application-listme/listme-frontend/src/components/item/LabelPicker.vue": {"lines":{"total":11,"covered":11,"skipped":0,"pct":100},"functions":{"total":3,"covered":3,"skipped":0,"pct":100},"statements":{"total":11,"covered":11,"skipped":0,"pct":100},"branches":{"total":11,"covered":11,"skipped":0,"pct":100}}
,"/home/runner/work/syt5-gek1051-mobile-application-listme/syt5-gek1051-mobile-application-listme/listme-frontend/src/components/item/LabelTag.vue": {"lines":{"total":1,"covered":1,"skipped":0,"pct":100},"functions":{"total":0,"covered":0,"skipped":0,"pct":100},"statements":{"total":1,"covered":1,"skipped":0,"pct":100},"branches":{"total":4,"covered":4,"skipped":0,"pct":100}}
,"/home/runner/work/syt5-gek1051-mobile-application-listme/syt5-gek1051-mobile-application-listme/listme-frontend/src/components/item/VoiceInput.vue": {"lines":{"total":26,"covered":26,"skipped":0,"pct":100},"functions":{"total":6,"covered":6,"skipped":0,"pct":100},"statements":{"total":27,"covered":26,"skipped":0,"pct":96.29},"branches":{"total":24,"covered":23,"skipped":0,"pct":95.83}}
,"/home/runner/work/syt5-gek1051-mobile-application-listme/syt5-gek1051-mobile-application-listme/listme-frontend/src/components/list/BudgetBar.vue": {"lines":{"total":16,"covered":16,"skipped":0,"pct":100},"functions":{"total":5,"covered":5,"skipped":0,"pct":100},"statements":{"total":18,"covered":18,"skipped":0,"pct":100},"branches":{"total":14,"covered":14,"skipped":0,"pct":100}}
,"/home/runner/work/syt5-gek1051-mobile-application-listme/syt5-gek1051-mobile-application-listme/listme-frontend/src/components/list/ConflictBanner.vue": {"lines":{"total":7,"covered":7,"skipped":0,"pct":100},"functions":{"total":2,"covered":2,"skipped":0,"pct":100},"statements":{"total":7,"covered":7,"skipped":0,"pct":100},"branches":{"total":11,"covered":11,"skipped":0,"pct":100}}
,"/home/runner/work/syt5-gek1051-mobile-application-listme/syt5-gek1051-mobile-application-listme/listme-frontend/src/components/list/LinkDevicesModal.vue": {"lines":{"total":28,"covered":28,"skipped":0,"pct":100},"functions":{"total":6,"covered":5,"skipped":0,"pct":83.33},"statements":{"total":33,"covered":30,"skipped":0,"pct":90.9},"branches":{"total":22,"covered":19,"skipped":0,"pct":86.36}}
,"/home/runner/work/syt5-gek1051-mobile-application-listme/syt5-gek1051-mobile-application-listme/listme-frontend/src/components/list/ListCard.vue": {"lines":{"total":43,"covered":29,"skipped":0,"pct":67.44},"functions":{"total":12,"covered":5,"skipped":0,"pct":41.66},"statements":{"total":47,"covered":30,"skipped":0,"pct":63.82},"branches":{"total":29,"covered":14,"skipped":0,"pct":48.27}}
,"/home/runner/work/syt5-gek1051-mobile-application-listme/syt5-gek1051-mobile-application-listme/listme-frontend/src/components/list/ListSection.vue": {"lines":{"total":5,"covered":5,"skipped":0,"pct":100},"functions":{"total":0,"covered":0,"skipped":0,"pct":100},"statements":{"total":6,"covered":6,"skipped":0,"pct":100},"branches":{"total":0,"covered":0,"skipped":0,"pct":100}}
,"/home/runner/work/syt5-gek1051-mobile-application-listme/syt5-gek1051-mobile-application-listme/listme-frontend/src/components/list/ParticipantList.vue": {"lines":{"total":20,"covered":19,"skipped":0,"pct":95},"functions":{"total":7,"covered":7,"skipped":0,"pct":100},"statements":{"total":23,"covered":22,"skipped":0,"pct":95.65},"branches":{"total":14,"covered":11,"skipped":0,"pct":78.57}}
,"/home/runner/work/syt5-gek1051-mobile-application-listme/syt5-gek1051-mobile-application-listme/listme-frontend/src/components/list/ParticipantSheet.vue": {"lines":{"total":26,"covered":26,"skipped":0,"pct":100},"functions":{"total":8,"covered":8,"skipped":0,"pct":100},"statements":{"total":32,"covered":29,"skipped":0,"pct":90.62},"branches":{"total":42,"covered":37,"skipped":0,"pct":88.09}}
,"/home/runner/work/syt5-gek1051-mobile-application-listme/syt5-gek1051-mobile-application-listme/listme-frontend/src/components/list/ShareListModal.vue": {"lines":{"total":47,"covered":47,"skipped":0,"pct":100},"functions":{"total":13,"covered":11,"skipped":0,"pct":84.61},"statements":{"total":54,"covered":50,"skipped":0,"pct":92.59},"branches":{"total":38,"covered":34,"skipped":0,"pct":89.47}}
,"/home/runner/work/syt5-gek1051-mobile-application-listme/syt5-gek1051-mobile-application-listme/listme-frontend/src/components/sync/WatchSyncModal.vue": {"lines":{"total":42,"covered":8,"skipped":0,"pct":19.04},"functions":{"total":9,"covered":0,"skipped":0,"pct":0},"statements":{"total":44,"covered":8,"skipped":0,"pct":18.18},"branches":{"total":50,"covered":0,"skipped":0,"pct":0}}
,"/home/runner/work/syt5-gek1051-mobile-application-listme/syt5-gek1051-mobile-application-listme/listme-frontend/src/composables/useListSync.ts": {"lines":{"total":87,"covered":65,"skipped":0,"pct":74.71},"functions":{"total":17,"covered":11,"skipped":0,"pct":64.7},"statements":{"total":102,"covered":71,"skipped":0,"pct":69.6},"branches":{"total":41,"covered":16,"skipped":0,"pct":39.02}}
,"/home/runner/work/syt5-gek1051-mobile-application-listme/syt5-gek1051-mobile-application-listme/listme-frontend/src/composables/useOffline.ts": {"lines":{"total":5,"covered":5,"skipped":0,"pct":100},"functions":{"total":3,"covered":3,"skipped":0,"pct":100},"statements":{"total":7,"covered":7,"skipped":0,"pct":100},"branches":{"total":4,"covered":2,"skipped":0,"pct":50}}
,"/home/runner/work/syt5-gek1051-mobile-application-listme/syt5-gek1051-mobile-application-listme/listme-frontend/src/composables/useSyncQueue.ts": {"lines":{"total":75,"covered":42,"skipped":0,"pct":56},"functions":{"total":14,"covered":5,"skipped":0,"pct":35.71},"statements":{"total":89,"covered":45,"skipped":0,"pct":50.56},"branches":{"total":26,"covered":10,"skipped":0,"pct":38.46}}
,"/home/runner/work/syt5-gek1051-mobile-application-listme/syt5-gek1051-mobile-application-listme/listme-frontend/src/crdt/ConflictDetector.ts": {"lines":{"total":18,"covered":18,"skipped":0,"pct":100},"functions":{"total":2,"covered":2,"skipped":0,"pct":100},"statements":{"total":23,"covered":23,"skipped":0,"pct":100},"branches":{"total":16,"covered":14,"skipped":0,"pct":87.5}}
,"/home/runner/work/syt5-gek1051-mobile-application-listme/syt5-gek1051-mobile-application-listme/listme-frontend/src/crdt/OperationQueue.ts": {"lines":{"total":15,"covered":11,"skipped":0,"pct":73.33},"functions":{"total":12,"covered":8,"skipped":0,"pct":66.66},"statements":{"total":17,"covered":12,"skipped":0,"pct":70.58},"branches":{"total":1,"covered":1,"skipped":0,"pct":100}}
,"/home/runner/work/syt5-gek1051-mobile-application-listme/syt5-gek1051-mobile-application-listme/listme-frontend/src/crdt/VectorClock.ts": {"lines":{"total":22,"covered":22,"skipped":0,"pct":100},"functions":{"total":7,"covered":7,"skipped":0,"pct":100},"statements":{"total":27,"covered":27,"skipped":0,"pct":100},"branches":{"total":19,"covered":19,"skipped":0,"pct":100}}
,"/home/runner/work/syt5-gek1051-mobile-application-listme/syt5-gek1051-mobile-application-listme/listme-frontend/src/crdt/types.ts": {"lines":{"total":0,"covered":0,"skipped":0,"pct":100},"functions":{"total":0,"covered":0,"skipped":0,"pct":100},"statements":{"total":0,"covered":0,"skipped":0,"pct":100},"branches":{"total":0,"covered":0,"skipped":0,"pct":100}}
,"/home/runner/work/syt5-gek1051-mobile-application-listme/syt5-gek1051-mobile-application-listme/listme-frontend/src/services/api.ts": {"lines":{"total":7,"covered":2,"skipped":0,"pct":28.57},"functions":{"total":1,"covered":0,"skipped":0,"pct":0},"statements":{"total":8,"covered":2,"skipped":0,"pct":25},"branches":{"total":2,"covered":0,"skipped":0,"pct":0}}
,"/home/runner/work/syt5-gek1051-mobile-application-listme/syt5-gek1051-mobile-application-listme/listme-frontend/src/services/budget.ts": {"lines":{"total":2,"covered":2,"skipped":0,"pct":100},"functions":{"total":2,"covered":2,"skipped":0,"pct":100},"statements":{"total":3,"covered":3,"skipped":0,"pct":100},"branches":{"total":0,"covered":0,"skipped":0,"pct":100}}
,"/home/runner/work/syt5-gek1051-mobile-application-listme/syt5-gek1051-mobile-application-listme/listme-frontend/src/services/cache.ts": {"lines":{"total":18,"covered":18,"skipped":0,"pct":100},"functions":{"total":14,"covered":14,"skipped":0,"pct":100},"statements":{"total":23,"covered":23,"skipped":0,"pct":100},"branches":{"total":2,"covered":2,"skipped":0,"pct":100}}
,"/home/runner/work/syt5-gek1051-mobile-application-listme/syt5-gek1051-mobile-application-listme/listme-frontend/src/services/category.ts": {"lines":{"total":5,"covered":0,"skipped":0,"pct":0},"functions":{"total":8,"covered":0,"skipped":0,"pct":0},"statements":{"total":9,"covered":0,"skipped":0,"pct":0},"branches":{"total":0,"covered":0,"skipped":0,"pct":100}}
,"/home/runner/work/syt5-gek1051-mobile-application-listme/syt5-gek1051-mobile-application-listme/listme-frontend/src/services/clock.ts": {"lines":{"total":14,"covered":14,"skipped":0,"pct":100},"functions":{"total":3,"covered":3,"skipped":0,"pct":100},"statements":{"total":15,"covered":15,"skipped":0,"pct":100},"branches":{"total":6,"covered":6,"skipped":0,"pct":100}}
,"/home/runner/work/syt5-gek1051-mobile-application-listme/syt5-gek1051-mobile-application-listme/listme-frontend/src/services/db.ts": {"lines":{"total":5,"covered":5,"skipped":0,"pct":100},"functions":{"total":1,"covered":1,"skipped":0,"pct":100},"statements":{"total":5,"covered":5,"skipped":0,"pct":100},"branches":{"total":0,"covered":0,"skipped":0,"pct":100}}
,"/home/runner/work/syt5-gek1051-mobile-application-listme/syt5-gek1051-mobile-application-listme/listme-frontend/src/services/device.ts": {"lines":{"total":16,"covered":6,"skipped":0,"pct":37.5},"functions":{"total":5,"covered":3,"skipped":0,"pct":60},"statements":{"total":18,"covered":7,"skipped":0,"pct":38.88},"branches":{"total":4,"covered":0,"skipped":0,"pct":0}}
,"/home/runner/work/syt5-gek1051-mobile-application-listme/syt5-gek1051-mobile-application-listme/listme-frontend/src/services/export.ts": {"lines":{"total":10,"covered":10,"skipped":0,"pct":100},"functions":{"total":1,"covered":1,"skipped":0,"pct":100},"statements":{"total":10,"covered":10,"skipped":0,"pct":100},"branches":{"total":4,"covered":4,"skipped":0,"pct":100}}
,"/home/runner/work/syt5-gek1051-mobile-application-listme/syt5-gek1051-mobile-application-listme/listme-frontend/src/services/favorite.ts": {"lines":{"total":4,"covered":4,"skipped":0,"pct":100},"functions":{"total":6,"covered":6,"skipped":0,"pct":100},"statements":{"total":7,"covered":7,"skipped":0,"pct":100},"branches":{"total":0,"covered":0,"skipped":0,"pct":100}}
,"/home/runner/work/syt5-gek1051-mobile-application-listme/syt5-gek1051-mobile-application-listme/listme-frontend/src/services/image.ts": {"lines":{"total":27,"covered":1,"skipped":0,"pct":3.7},"functions":{"total":7,"covered":0,"skipped":0,"pct":0},"statements":{"total":31,"covered":1,"skipped":0,"pct":3.22},"branches":{"total":2,"covered":0,"skipped":0,"pct":0}}
,"/home/runner/work/syt5-gek1051-mobile-application-listme/syt5-gek1051-mobile-application-listme/listme-frontend/src/services/item.ts": {"lines":{"total":9,"covered":9,"skipped":0,"pct":100},"functions":{"total":16,"covered":16,"skipped":0,"pct":100},"statements":{"total":17,"covered":17,"skipped":0,"pct":100},"branches":{"total":0,"covered":0,"skipped":0,"pct":100}}
,"/home/runner/work/syt5-gek1051-mobile-application-listme/syt5-gek1051-mobile-application-listme/listme-frontend/src/services/itemHistory.ts": {"lines":{"total":28,"covered":28,"skipped":0,"pct":100},"functions":{"total":7,"covered":7,"skipped":0,"pct":100},"statements":{"total":35,"covered":34,"skipped":0,"pct":97.14},"branches":{"total":30,"covered":28,"skipped":0,"pct":93.33}}
,"/home/runner/work/syt5-gek1051-mobile-application-listme/syt5-gek1051-mobile-application-listme/listme-frontend/src/services/label.ts": {"lines":{"total":5,"covered":5,"skipped":0,"pct":100},"functions":{"total":8,"covered":8,"skipped":0,"pct":100},"statements":{"total":9,"covered":9,"skipped":0,"pct":100},"branches":{"total":0,"covered":0,"skipped":0,"pct":100}}
,"/home/runner/work/syt5-gek1051-mobile-application-listme/syt5-gek1051-mobile-application-listme/listme-frontend/src/services/list.ts": {"lines":{"total":7,"covered":7,"skipped":0,"pct":100},"functions":{"total":12,"covered":12,"skipped":0,"pct":100},"statements":{"total":13,"covered":13,"skipped":0,"pct":100},"branches":{"total":0,"covered":0,"skipped":0,"pct":100}}
,"/home/runner/work/syt5-gek1051-mobile-application-listme/syt5-gek1051-mobile-application-listme/listme-frontend/src/services/presence.ts": {"lines":{"total":9,"covered":9,"skipped":0,"pct":100},"functions":{"total":6,"covered":6,"skipped":0,"pct":100},"statements":{"total":10,"covered":10,"skipped":0,"pct":100},"branches":{"total":6,"covered":5,"skipped":0,"pct":83.33}}
,"/home/runner/work/syt5-gek1051-mobile-application-listme/syt5-gek1051-mobile-application-listme/listme-frontend/src/services/preset.ts": {"lines":{"total":5,"covered":5,"skipped":0,"pct":100},"functions":{"total":8,"covered":8,"skipped":0,"pct":100},"statements":{"total":8,"covered":8,"skipped":0,"pct":100},"branches":{"total":0,"covered":0,"skipped":0,"pct":100}}
,"/home/runner/work/syt5-gek1051-mobile-application-listme/syt5-gek1051-mobile-application-listme/listme-frontend/src/services/push.ts": {"lines":{"total":34,"covered":34,"skipped":0,"pct":100},"functions":{"total":6,"covered":6,"skipped":0,"pct":100},"statements":{"total":39,"covered":38,"skipped":0,"pct":97.43},"branches":{"total":15,"covered":14,"skipped":0,"pct":93.33}}
,"/home/runner/work/syt5-gek1051-mobile-application-listme/syt5-gek1051-mobile-application-listme/listme-frontend/src/services/share.ts": {"lines":{"total":9,"covered":9,"skipped":0,"pct":100},"functions":{"total":16,"covered":16,"skipped":0,"pct":100},"statements":{"total":17,"covered":17,"skipped":0,"pct":100},"branches":{"total":0,"covered":0,"skipped":0,"pct":100}}
,"/home/runner/work/syt5-gek1051-mobile-application-listme/syt5-gek1051-mobile-application-listme/listme-frontend/src/services/userId.ts": {"lines":{"total":18,"covered":2,"skipped":0,"pct":11.11},"functions":{"total":5,"covered":1,"skipped":0,"pct":20},"statements":{"total":20,"covered":2,"skipped":0,"pct":10},"branches":{"total":6,"covered":0,"skipped":0,"pct":0}}
,"/home/runner/work/syt5-gek1051-mobile-application-listme/syt5-gek1051-mobile-application-listme/listme-frontend/src/services/watchSync.ts": {"lines":{"total":27,"covered":3,"skipped":0,"pct":11.11},"functions":{"total":4,"covered":0,"skipped":0,"pct":0},"statements":{"total":31,"covered":3,"skipped":0,"pct":9.67},"branches":{"total":10,"covered":0,"skipped":0,"pct":0}}
,"/home/runner/work/syt5-gek1051-mobile-application-listme/syt5-gek1051-mobile-application-listme/listme-frontend/src/services/websocket.ts": {"lines":{"total":66,"covered":57,"skipped":0,"pct":86.36},"functions":{"total":19,"covered":16,"skipped":0,"pct":84.21},"statements":{"total":76,"covered":63,"skipped":0,"pct":82.89},"branches":{"total":29,"covered":19,"skipped":0,"pct":65.51}}
,"/home/runner/work/syt5-gek1051-mobile-application-listme/syt5-gek1051-mobile-application-listme/listme-frontend/src/stores/categories.ts": {"lines":{"total":13,"covered":0,"skipped":0,"pct":0},"functions":{"total":6,"covered":0,"skipped":0,"pct":0},"statements":{"total":15,"covered":0,"skipped":0,"pct":0},"branches":{"total":6,"covered":0,"skipped":0,"pct":0}}
,"/home/runner/work/syt5-gek1051-mobile-application-listme/syt5-gek1051-mobile-application-listme/listme-frontend/src/stores/items.ts": {"lines":{"total":89,"covered":73,"skipped":0,"pct":82.02},"functions":{"total":16,"covered":13,"skipped":0,"pct":81.25},"statements":{"total":106,"covered":82,"skipped":0,"pct":77.35},"branches":{"total":64,"covered":37,"skipped":0,"pct":57.81}}
,"/home/runner/work/syt5-gek1051-mobile-application-listme/syt5-gek1051-mobile-application-listme/listme-frontend/src/stores/labels.ts": {"lines":{"total":13,"covered":13,"skipped":0,"pct":100},"functions":{"total":6,"covered":6,"skipped":0,"pct":100},"statements":{"total":15,"covered":15,"skipped":0,"pct":100},"branches":{"total":6,"covered":4,"skipped":0,"pct":66.66}}
,"/home/runner/work/syt5-gek1051-mobile-application-listme/syt5-gek1051-mobile-application-listme/listme-frontend/src/stores/lists.ts": {"lines":{"total":49,"covered":40,"skipped":0,"pct":81.63},"functions":{"total":13,"covered":12,"skipped":0,"pct":92.3},"statements":{"total":55,"covered":45,"skipped":0,"pct":81.81},"branches":{"total":14,"covered":6,"skipped":0,"pct":42.85}}
,"/home/runner/work/syt5-gek1051-mobile-application-listme/syt5-gek1051-mobile-application-listme/listme-frontend/src/stores/notifications.ts": {"lines":{"total":6,"covered":6,"skipped":0,"pct":100},"functions":{"total":5,"covered":5,"skipped":0,"pct":100},"statements":{"total":7,"covered":7,"skipped":0,"pct":100},"branches":{"total":0,"covered":0,"skipped":0,"pct":100}}
,"/home/runner/work/syt5-gek1051-mobile-application-listme/syt5-gek1051-mobile-application-listme/listme-frontend/src/stores/presence.ts": {"lines":{"total":9,"covered":9,"skipped":0,"pct":100},"functions":{"total":6,"covered":6,"skipped":0,"pct":100},"statements":{"total":10,"covered":10,"skipped":0,"pct":100},"branches":{"total":6,"covered":6,"skipped":0,"pct":100}}
,"/home/runner/work/syt5-gek1051-mobile-application-listme/syt5-gek1051-mobile-application-listme/listme-frontend/src/stores/profile.ts": {"lines":{"total":43,"covered":33,"skipped":0,"pct":76.74},"functions":{"total":9,"covered":8,"skipped":0,"pct":88.88},"statements":{"total":51,"covered":40,"skipped":0,"pct":78.43},"branches":{"total":36,"covered":29,"skipped":0,"pct":80.55}}
,"/home/runner/work/syt5-gek1051-mobile-application-listme/syt5-gek1051-mobile-application-listme/listme-frontend/src/stores/theme.ts": {"lines":{"total":18,"covered":17,"skipped":0,"pct":94.44},"functions":{"total":5,"covered":5,"skipped":0,"pct":100},"statements":{"total":18,"covered":17,"skipped":0,"pct":94.44},"branches":{"total":10,"covered":7,"skipped":0,"pct":70}}
,"/home/runner/work/syt5-gek1051-mobile-application-listme/syt5-gek1051-mobile-application-listme/listme-frontend/src/types/index.ts": {"lines":{"total":0,"covered":0,"skipped":0,"pct":100},"functions":{"total":0,"covered":0,"skipped":0,"pct":100},"statements":{"total":0,"covered":0,"skipped":0,"pct":100},"branches":{"total":0,"covered":0,"skipped":0,"pct":100}}
,"/home/runner/work/syt5-gek1051-mobile-application-listme/syt5-gek1051-mobile-application-listme/listme-frontend/src/views/HomeView.vue": {"lines":{"total":50,"covered":41,"skipped":0,"pct":82},"functions":{"total":18,"covered":13,"skipped":0,"pct":72.22},"statements":{"total":59,"covered":50,"skipped":0,"pct":84.74},"branches":{"total":37,"covered":25,"skipped":0,"pct":67.56}}
,"/home/runner/work/syt5-gek1051-mobile-application-listme/syt5-gek1051-mobile-application-listme/listme-frontend/src/views/JoinListView.vue": {"lines":{"total":31,"covered":30,"skipped":0,"pct":96.77},"functions":{"total":4,"covered":3,"skipped":0,"pct":75},"statements":{"total":33,"covered":31,"skipped":0,"pct":93.93},"branches":{"total":27,"covered":24,"skipped":0,"pct":88.88}}
,"/home/runner/work/syt5-gek1051-mobile-application-listme/syt5-gek1051-mobile-application-listme/listme-frontend/src/views/LibraryView.vue": {"lines":{"total":63,"covered":61,"skipped":0,"pct":96.82},"functions":{"total":19,"covered":17,"skipped":0,"pct":89.47},"statements":{"total":70,"covered":67,"skipped":0,"pct":95.71},"branches":{"total":61,"covered":53,"skipped":0,"pct":86.88}}
,"/home/runner/work/syt5-gek1051-mobile-application-listme/syt5-gek1051-mobile-application-listme/listme-frontend/src/views/ListDetailView.vue": {"lines":{"total":112,"covered":78,"skipped":0,"pct":69.64},"functions":{"total":53,"covered":30,"skipped":0,"pct":56.6},"statements":{"total":134,"covered":91,"skipped":0,"pct":67.91},"branches":{"total":150,"covered":106,"skipped":0,"pct":70.66}}
,"/home/runner/work/syt5-gek1051-mobile-application-listme/syt5-gek1051-mobile-application-listme/listme-frontend/src/views/SettingsView.vue": {"lines":{"total":56,"covered":32,"skipped":0,"pct":57.14},"functions":{"total":14,"covered":3,"skipped":0,"pct":21.42},"statements":{"total":60,"covered":33,"skipped":0,"pct":55},"branches":{"total":64,"covered":57,"skipped":0,"pct":89.06}}
,"/home/runner/work/syt5-gek1051-mobile-application-listme/syt5-gek1051-mobile-application-listme/listme-frontend/src/views/SyncApplyView.vue": {"lines":{"total":46,"covered":43,"skipped":0,"pct":93.47},"functions":{"total":6,"covered":5,"skipped":0,"pct":83.33},"statements":{"total":47,"covered":44,"skipped":0,"pct":93.61},"branches":{"total":35,"covered":28,"skipped":0,"pct":80}}
,"/home/runner/work/syt5-gek1051-mobile-application-listme/syt5-gek1051-mobile-application-listme/listme-frontend/src/views/TrashView.vue": {"lines":{"total":62,"covered":53,"skipped":0,"pct":85.48},"functions":{"total":18,"covered":13,"skipped":0,"pct":72.22},"statements":{"total":72,"covered":58,"skipped":0,"pct":80.55},"branches":{"total":49,"covered":31,"skipped":0,"pct":63.26}}
}
