GROUP,PACKAGE,CLASS,INSTRUCTION_MISSED,INSTRUCTION_COVERED,BRANCH_MISSED,BRANCH_COVERED,LINE_MISSED,LINE_COVERED,COMPLEXITY_MISSED,COMPLEXITY_COVERED,METHOD_MISSED,METHOD_COVERED
listme-backend,com.oliwier.listmebackend.api,DeviceController,31,3,0,0,6,1,3,1,3,1
listme-backend,com.oliwier.listmebackend.api,ImageUploadController,5,0,0,0,1,0,1,0,1,0
listme-backend,com.oliwier.listmebackend.api,FavoriteController,22,0,0,0,4,0,3,0,3,0
listme-backend,com.oliwier.listmebackend.api,ShareController,22,53,1,1,4,11,3,4,2,4
listme-backend,com.oliwier.listmebackend.api,ItemHistoryController,49,0,2,0,6,0,3,0,2,0
listme-backend,com.oliwier.listmebackend.api,LabelController,34,0,0,0,5,0,4,0,4,0
listme-backend,com.oliwier.listmebackend.api,SyncController,7,46,2,2,1,13,2,4,0,4
listme-backend,com.oliwier.listmebackend.api,ItemController,25,43,0,0,4,6,3,5,3,5
listme-backend,com.oliwier.listmebackend.api,CategoryController,0,34,0,0,0,5,0,4,0,4
listme-backend,com.oliwier.listmebackend.api,PresetController,36,0,0,0,6,0,4,0,4,0
listme-backend,com.oliwier.listmebackend.api,ListController,181,151,5,7,38,33,9,9,5,7
listme-backend,com.oliwier.listmebackend.api,BudgetController,5,0,0,0,1,0,1,0,1,0
listme-backend,com.oliwier.listmebackend.api,SyncTokenController,0,40,0,0,0,6,0,3,0,3
listme-backend,com.oliwier.listmebackend.api,ExportController,49,0,2,0,11,0,2,0,1,0
listme-backend,com.oliwier.listmebackend.config,WebConfig,0,63,0,0,0,10,0,2,0,2
listme-backend,com.oliwier.listmebackend.config,WebSocketConfig,0,45,0,0,0,8,0,2,0,2
listme-backend,com.oliwier.listmebackend.domain.service,ShareService,0,103,0,6,0,22,0,10,0,7
listme-backend,com.oliwier.listmebackend.domain.service,LabelService,18,114,1,3,1,26,3,7,2,6
listme-backend,com.oliwier.listmebackend.domain.service,SyncTokenService,0,132,1,9,0,23,1,10,0,6
listme-backend,com.oliwier.listmebackend.domain.service,ExportService,581,0,48,0,77,0,29,0,5,0
listme-backend,com.oliwier.listmebackend.domain.service,CategoryService,12,129,0,4,0,29,2,8,2,6
listme-backend,com.oliwier.listmebackend.domain.service,ItemService,109,362,11,15,14,79,13,14,5,9
listme-backend,com.oliwier.listmebackend.domain.service,PriceService,0,65,0,8,0,13,0,6,0,2
listme-backend,com.oliwier.listmebackend.domain.service,FavoriteService,0,90,0,4,0,19,0,7,0,5
listme-backend,com.oliwier.listmebackend.domain.service,DeviceService,0,19,0,0,0,2,0,2,0,2
listme-backend,com.oliwier.listmebackend.domain.service,PresetService,17,136,2,10,2,28,5,7,3,3
listme-backend,com.oliwier.listmebackend.domain.service,S3StorageService,63,3,2,0,16,1,3,1,2,1
listme-backend,com.oliwier.listmebackend.websocket,PresenceTracker,64,8,4,0,14,2,9,1,7,1
listme-backend,com.oliwier.listmebackend.websocket,SyncMessageHandler,62,0,8,0,18,0,8,0,4,0
listme-backend,com.oliwier.listmebackend.websocket,ListSyncBroadcaster,58,9,0,0,11,3,3,1,3,1
listme-backend,com.oliwier.listmebackend.websocket,PresenceMessage,12,0,0,0,1,0,1,0,1,0
listme-backend,com.oliwier.listmebackend.websocket,DeviceHandshakeInterceptor,24,3,4,0,9,1,4,1,2,1
listme-backend,com.oliwier.listmebackend.crdt,VectorClock,4,205,0,22,1,40,1,20,1,9
listme-backend,com.oliwier.listmebackend.crdt,IncomingOperation,0,18,0,0,0,1,0,1,0,1
listme-backend,com.oliwier.listmebackend.crdt,VectorClock.Relation,0,27,0,0,0,1,0,1,0,1
listme-backend,com.oliwier.listmebackend.crdt,ConflictDetector.Conflict,0,9,0,0,0,1,0,1,0,1
listme-backend,com.oliwier.listmebackend.crdt,OperationType,0,33,0,0,0,6,0,1,0,1
listme-backend,com.oliwier.listmebackend.crdt,ConflictDetector,3,80,1,11,1,15,2,7,1,2
listme-backend,com.oliwier.listmebackend.crdt,SyncEngine,195,343,36,12,41,78,25,14,2,11
listme-backend,com.oliwier.listmebackend,ListmeBackendApplication,5,3,0,0,2,1,1,1,1,1
listme-backend,com.oliwier.listmebackend.identity,DeviceArgumentResolver,13,44,4,6,3,10,4,3,0,2
listme-backend,com.oliwier.listmebackend.api.dto,DeviceResponse,0,27,0,0,0,2,0,2,0,2
listme-backend,com.oliwier.listmebackend.api.dto,SyncTokenResponse,0,12,0,0,0,1,0,1,0,1
listme-backend,com.oliwier.listmebackend.api.dto,ItemResponse,1,120,1,7,0,19,1,5,0,2
listme-backend,com.oliwier.listmebackend.api.dto,UpdateListRequest,0,9,0,0,0,1,0,1,0,1
listme-backend,com.oliwier.listmebackend.api.dto,ListResponse,0,83,0,0,0,19,0,4,0,4
listme-backend,com.oliwier.listmebackend.api.dto,ItemHistoryResponse,15,0,0,0,1,0,1,0,1,0
listme-backend,com.oliwier.listmebackend.api.dto,CreateItemRequest,0,24,0,0,0,1,0,1,0,1
listme-backend,com.oliwier.listmebackend.api.dto,ParticipantResponse,18,0,0,0,1,0,1,0,1,0
listme-backend,com.oliwier.listmebackend.api.dto,PresignResponse,9,0,0,0,1,0,1,0,1,0
listme-backend,com.oliwier.listmebackend.api.dto,CrdtOperationResponse,0,44,0,0,0,9,0,2,0,2
listme-backend,com.oliwier.listmebackend.api.dto,CreateListRequest,0,12,0,0,0,1,0,1,0,1
listme-backend,com.oliwier.listmebackend.api.dto,CreateCategoryRequest,0,9,0,0,0,1,0,1,0,1
listme-backend,com.oliwier.listmebackend.api.dto,PresetItemResponse,37,0,0,0,5,0,2,0,2,0
listme-backend,com.oliwier.listmebackend.api.dto,PresetResponse,33,0,0,0,2,0,2,0,2,0
listme-backend,com.oliwier.listmebackend.api.dto,UpdateItemRequest,0,24,0,0,0,1,0,1,0,1
listme-backend,com.oliwier.listmebackend.api.dto,BudgetResponse,0,9,0,0,0,1,0,1,0,1
listme-backend,com.oliwier.listmebackend.api.dto,CreateLabelRequest,0,9,0,0,0,1,0,1,0,1
listme-backend,com.oliwier.listmebackend.api.dto,UpdateDeviceRequest,9,0,0,0,1,0,1,0,1,0
listme-backend,com.oliwier.listmebackend.api.dto,FavoriteResponse,22,0,0,0,2,0,2,0,2,0
listme-backend,com.oliwier.listmebackend.api.dto,LabelResponse,22,0,0,0,2,0,2,0,2,0
listme-backend,com.oliwier.listmebackend.api.dto,ShareTokenResponse,0,12,0,0,0,1,0,1,0,1
listme-backend,com.oliwier.listmebackend.api.dto,CreateFavoriteRequest,0,9,0,0,0,1,0,1,0,1
listme-backend,com.oliwier.listmebackend.api.dto,CategoryResponse,0,27,0,0,0,2,0,2,0,2
listme-backend,com.oliwier.listmebackend.api.dto,CreatePresetRequest,12,0,0,0,1,0,1,0,1,0
listme-backend,com.oliwier.listmebackend.domain.model,Item,0,25,3,3,0,7,3,2,0,2
listme-backend,com.oliwier.listmebackend.domain.model,ListDevice,3,31,1,1,0,10,1,2,0,2
listme-backend,com.oliwier.listmebackend.domain.model,Image,13,0,4,0,3,0,3,0,1,0
listme-backend,com.oliwier.listmebackend.domain.model,Label,7,0,2,0,2,0,2,0,1,0
listme-backend,com.oliwier.listmebackend.domain.model,SyncToken,0,7,1,1,0,2,1,1,0,1
listme-backend,com.oliwier.listmebackend.domain.model,Device,3,13,1,1,0,6,1,2,0,2
listme-backend,com.oliwier.listmebackend.domain.model,Favorite,13,0,4,0,3,0,3,0,1,0
listme-backend,com.oliwier.listmebackend.domain.model,CrdtOperation,0,13,1,3,0,3,1,2,0,1
listme-backend,com.oliwier.listmebackend.domain.model,ShoppingList,3,22,3,3,0,7,3,2,0,2
listme-backend,com.oliwier.listmebackend.domain.model,Category,0,7,1,1,0,2,1,1,0,1
